<?xml version="1.0" encoding="UTF-8"?>
<testsuite xmlns:xsi="http://www.w3.org/2001/XMLSchema-instance" xsi:noNamespaceSchemaLocation="https://maven.apache.org/surefire/maven-surefire-plugin/xsd/surefire-test-report.xsd" name="com.example.demo.SmsApplicationTests" time="0.905" tests="1" errors="0" skipped="0" failures="0">
  <properties>
    <property name="sun.desktop" value="windows"/>
    <property name="awt.toolkit" value="sun.awt.windows.WToolkit"/>
    <property name="file.encoding.pkg" value="sun.io"/>
    <property name="java.specification.version" value="1.8"/>
    <property name="sun.cpu.isalist" value="amd64"/>
    <property name="sun.jnu.encoding" value="GBK"/>
    <property name="java.class.path" value="D:\liujl-workspace-clb\sms\target\test-classes;D:\liujl-workspace-clb\sms\target\classes;D:\MavenLocalRepository\org\springframework\boot\spring-boot-starter\2.0.4.RELEASE\spring-boot-starter-2.0.4.RELEASE.jar;D:\MavenLocalRepository\org\springframework\boot\spring-boot\2.0.4.RELEASE\spring-boot-2.0.4.RELEASE.jar;D:\MavenLocalRepository\org\springframework\spring-context\5.0.8.RELEASE\spring-context-5.0.8.RELEASE.jar;D:\MavenLocalRepository\org\springframework\boot\spring-boot-autoconfigure\2.0.4.RELEASE\spring-boot-autoconfigure-2.0.4.RELEASE.jar;D:\MavenLocalRepository\org\springframework\boot\spring-boot-starter-logging\2.0.4.RELEASE\spring-boot-starter-logging-2.0.4.RELEASE.jar;D:\MavenLocalRepository\ch\qos\logback\logback-classic\1.2.3\logback-classic-1.2.3.jar;D:\MavenLocalRepository\ch\qos\logback\logback-core\1.2.3\logback-core-1.2.3.jar;D:\MavenLocalRepository\org\apache\logging\log4j\log4j-to-slf4j\2.10.0\log4j-to-slf4j-2.10.0.jar;D:\MavenLocalRepository\org\apache\logging\log4j\log4j-api\2.10.0\log4j-api-2.10.0.jar;D:\MavenLocalRepository\org\slf4j\jul-to-slf4j\1.7.25\jul-to-slf4j-1.7.25.jar;D:\MavenLocalRepository\javax\annotation\javax.annotation-api\1.3.2\javax.annotation-api-1.3.2.jar;D:\MavenLocalRepository\org\springframework\spring-core\5.0.8.RELEASE\spring-core-5.0.8.RELEASE.jar;D:\MavenLocalRepository\org\springframework\spring-jcl\5.0.8.RELEASE\spring-jcl-5.0.8.RELEASE.jar;D:\MavenLocalRepository\org\yaml\snakeyaml\1.19\snakeyaml-1.19.jar;D:\MavenLocalRepository\org\springframework\boot\spring-boot-starter-web\2.0.4.RELEASE\spring-boot-starter-web-2.0.4.RELEASE.jar;D:\MavenLocalRepository\org\springframework\boot\spring-boot-starter-json\2.0.4.RELEASE\spring-boot-starter-json-2.0.4.RELEASE.jar;D:\MavenLocalRepository\com\fasterxml\jackson\core\jackson-databind\2.9.6\jackson-databind-2.9.6.jar;D:\MavenLocalRepository\com\fasterxml\jackson\core\jackson-annotations\2.9.0\jackson-annotations-2.9.0.jar;D:\MavenLocalRepository\com\fasterxml\jackson\core\jackson-core\2.9.6\jackson-core-2.9.6.jar;D:\MavenLocalRepository\com\fasterxml\jackson\datatype\jackson-datatype-jdk8\2.9.6\jackson-datatype-jdk8-2.9.6.jar;D:\MavenLocalRepository\com\fasterxml\jackson\datatype\jackson-datatype-jsr310\2.9.6\jackson-datatype-jsr310-2.9.6.jar;D:\MavenLocalRepository\com\fasterxml\jackson\module\jackson-module-parameter-names\2.9.6\jackson-module-parameter-names-2.9.6.jar;D:\MavenLocalRepository\org\springframework\boot\spring-boot-starter-tomcat\2.0.4.RELEASE\spring-boot-starter-tomcat-2.0.4.RELEASE.jar;D:\MavenLocalRepository\org\apache\tomcat\embed\tomcat-embed-core\8.5.32\tomcat-embed-core-8.5.32.jar;D:\MavenLocalRepository\org\apache\tomcat\embed\tomcat-embed-el\8.5.32\tomcat-embed-el-8.5.32.jar;D:\MavenLocalRepository\org\apache\tomcat\embed\tomcat-embed-websocket\8.5.32\tomcat-embed-websocket-8.5.32.jar;D:\MavenLocalRepository\org\hibernate\validator\hibernate-validator\6.0.11.Final\hibernate-validator-6.0.11.Final.jar;D:\MavenLocalRepository\javax\validation\validation-api\2.0.1.Final\validation-api-2.0.1.Final.jar;D:\MavenLocalRepository\org\jboss\logging\jboss-logging\3.3.2.Final\jboss-logging-3.3.2.Final.jar;D:\MavenLocalRepository\com\fasterxml\classmate\1.3.4\classmate-1.3.4.jar;D:\MavenLocalRepository\org\springframework\spring-web\5.0.8.RELEASE\spring-web-5.0.8.RELEASE.jar;D:\MavenLocalRepository\org\springframework\spring-beans\5.0.8.RELEASE\spring-beans-5.0.8.RELEASE.jar;D:\MavenLocalRepository\org\springframework\spring-webmvc\5.0.8.RELEASE\spring-webmvc-5.0.8.RELEASE.jar;D:\MavenLocalRepository\org\springframework\spring-aop\5.0.8.RELEASE\spring-aop-5.0.8.RELEASE.jar;D:\MavenLocalRepository\org\springframework\spring-expression\5.0.8.RELEASE\spring-expression-5.0.8.RELEASE.jar;D:\MavenLocalRepository\org\mybatis\spring\boot\mybatis-spring-boot-starter\1.3.2\mybatis-spring-boot-starter-1.3.2.jar;D:\MavenLocalRepository\org\springframework\boot\spring-boot-starter-jdbc\2.0.4.RELEASE\spring-boot-starter-jdbc-2.0.4.RELEASE.jar;D:\MavenLocalRepository\com\zaxxer\HikariCP\2.7.9\HikariCP-2.7.9.jar;D:\MavenLocalRepository\org\springframework\spring-jdbc\5.0.8.RELEASE\spring-jdbc-5.0.8.RELEASE.jar;D:\MavenLocalRepository\org\mybatis\spring\boot\mybatis-spring-boot-autoconfigure\1.3.2\mybatis-spring-boot-autoconfigure-1.3.2.jar;D:\MavenLocalRepository\org\mybatis\mybatis\3.4.6\mybatis-3.4.6.jar;D:\MavenLocalRepository\org\mybatis\mybatis-spring\1.3.2\mybatis-spring-1.3.2.jar;D:\MavenLocalRepository\mysql\mysql-connector-java\5.1.46\mysql-connector-java-5.1.46.jar;D:\MavenLocalRepository\org\springframework\boot\spring-boot-starter-test\2.0.4.RELEASE\spring-boot-starter-test-2.0.4.RELEASE.jar;D:\MavenLocalRepository\org\springframework\boot\spring-boot-test\2.0.4.RELEASE\spring-boot-test-2.0.4.RELEASE.jar;D:\MavenLocalRepository\org\springframework\boot\spring-boot-test-autoconfigure\2.0.4.RELEASE\spring-boot-test-autoconfigure-2.0.4.RELEASE.jar;D:\MavenLocalRepository\com\jayway\jsonpath\json-path\2.4.0\json-path-2.4.0.jar;D:\MavenLocalRepository\net\minidev\json-smart\2.3\json-smart-2.3.jar;D:\MavenLocalRepository\net\minidev\accessors-smart\1.2\accessors-smart-1.2.jar;D:\MavenLocalRepository\org\ow2\asm\asm\5.0.4\asm-5.0.4.jar;D:\MavenLocalRepository\org\slf4j\slf4j-api\1.7.25\slf4j-api-1.7.25.jar;D:\MavenLocalRepository\junit\junit\4.12\junit-4.12.jar;D:\MavenLocalRepository\org\assertj\assertj-core\3.9.1\assertj-core-3.9.1.jar;D:\MavenLocalRepository\org\mockito\mockito-core\2.15.0\mockito-core-2.15.0.jar;D:\MavenLocalRepository\net\bytebuddy\byte-buddy\1.7.11\byte-buddy-1.7.11.jar;D:\MavenLocalRepository\net\bytebuddy\byte-buddy-agent\1.7.11\byte-buddy-agent-1.7.11.jar;D:\MavenLocalRepository\org\objenesis\objenesis\2.6\objenesis-2.6.jar;D:\MavenLocalRepository\org\hamcrest\hamcrest-core\1.3\hamcrest-core-1.3.jar;D:\MavenLocalRepository\org\hamcrest\hamcrest-library\1.3\hamcrest-library-1.3.jar;D:\MavenLocalRepository\org\skyscreamer\jsonassert\1.5.0\jsonassert-1.5.0.jar;D:\MavenLocalRepository\com\vaadin\external\google\android-json\0.0.20131108.vaadin1\android-json-0.0.20131108.vaadin1.jar;D:\MavenLocalRepository\org\springframework\spring-test\5.0.8.RELEASE\spring-test-5.0.8.RELEASE.jar;D:\MavenLocalRepository\org\xmlunit\xmlunit-core\2.5.1\xmlunit-core-2.5.1.jar;D:\MavenLocalRepository\commons-codec\commons-codec\1.11\commons-codec-1.11.jar;D:\MavenLocalRepository\org\apache\commons\commons-lang3\3.7\commons-lang3-3.7.jar;D:\MavenLocalRepository\com\alibaba\druid\1.0.18\druid-1.0.18.jar;C:\Program Files\Java\jdk1.8.0_152\jre\..\lib\jconsole.jar;C:\Program Files\Java\jdk1.8.0_152\jre\..\lib\tools.jar;D:\MavenLocalRepository\commons-httpclient\commons-httpclient\3.1\commons-httpclient-3.1.jar;D:\MavenLocalRepository\commons-logging\commons-logging\1.0.4\commons-logging-1.0.4.jar;D:\MavenLocalRepository\com\yjkj\util\1.0.0\util-1.0.0.jar;D:\MavenLocalRepository\com\google\code\gson\gson\2.8.5\gson-2.8.5.jar;D:\MavenLocalRepository\com\aliyun\aliyun-java-sdk-push\3.9.0\aliyun-java-sdk-push-3.9.0.jar;D:\MavenLocalRepository\com\aliyun\aliyun-java-sdk-core\3.2.5\aliyun-java-sdk-core-3.2.5.jar;D:\MavenLocalRepository\com\thoughtworks\xstream\xstream\1.4.9\xstream-1.4.9.jar;D:\MavenLocalRepository\xmlpull\xmlpull\1.1.3.1\xmlpull-1.1.3.1.jar;D:\MavenLocalRepository\xpp3\xpp3_min\1.1.4c\xpp3_min-1.1.4c.jar;D:\MavenLocalRepository\com\aliyun\oss\aliyun-sdk-oss\2.8.2\aliyun-sdk-oss-2.8.2.jar;D:\MavenLocalRepository\org\jdom\jdom\1.1\jdom-1.1.jar;D:\MavenLocalRepository\net\sf\json-lib\json-lib\2.4\json-lib-2.4-jdk15.jar;D:\MavenLocalRepository\commons-beanutils\commons-beanutils\1.8.0\commons-beanutils-1.8.0.jar;D:\MavenLocalRepository\commons-collections\commons-collections\3.2.1\commons-collections-3.2.1.jar;D:\MavenLocalRepository\commons-lang\commons-lang\2.5\commons-lang-2.5.jar;D:\MavenLocalRepository\net\sf\ezmorph\ezmorph\1.0.6\ezmorph-1.0.6.jar;D:\MavenLocalRepository\org\apache\httpcomponents\httpclient\4.5.6\httpclient-4.5.6.jar;D:\MavenLocalRepository\org\apache\httpcomponents\httpcore\4.4.10\httpcore-4.4.10.jar;D:\MavenLocalRepository\org\apache\httpcomponents\httpmime\4.5.6\httpmime-4.5.6.jar;D:\MavenLocalRepository\org\apache\shiro\shiro-core\1.4.0\shiro-core-1.4.0.jar;D:\MavenLocalRepository\org\apache\shiro\shiro-lang\1.4.0\shiro-lang-1.4.0.jar;D:\MavenLocalRepository\org\apache\shiro\shiro-cache\1.4.0\shiro-cache-1.4.0.jar;D:\MavenLocalRepository\org\apache\shiro\shiro-crypto-hash\1.4.0\shiro-crypto-hash-1.4.0.jar;D:\MavenLocalRepository\org\apache\shiro\shiro-crypto-core\1.4.0\shiro-crypto-core-1.4.0.jar;D:\MavenLocalRepository\org\apache\shiro\shiro-crypto-cipher\1.4.0\shiro-crypto-cipher-1.4.0.jar;D:\MavenLocalRepository\org\apache\shiro\shiro-config-core\1.4.0\shiro-config-core-1.4.0.jar;D:\MavenLocalRepository\org\apache\shiro\shiro-config-ogdl\1.4.0\shiro-config-ogdl-1.4.0.jar;D:\MavenLocalRepository\org\apache\shiro\shiro-event\1.4.0\shiro-event-1.4.0.jar;D:\MavenLocalRepository\org\springframework\boot\spring-boot-starter-data-redis\2.0.4.RELEASE\spring-boot-starter-data-redis-2.0.4.RELEASE.jar;D:\MavenLocalRepository\org\springframework\data\spring-data-redis\2.0.9.RELEASE\spring-data-redis-2.0.9.RELEASE.jar;D:\MavenLocalRepository\org\springframework\data\spring-data-keyvalue\2.0.9.RELEASE\spring-data-keyvalue-2.0.9.RELEASE.jar;D:\MavenLocalRepository\org\springframework\data\spring-data-commons\2.0.9.RELEASE\spring-data-commons-2.0.9.RELEASE.jar;D:\MavenLocalRepository\org\springframework\spring-tx\5.0.8.RELEASE\spring-tx-5.0.8.RELEASE.jar;D:\MavenLocalRepository\org\springframework\spring-oxm\5.0.8.RELEASE\spring-oxm-5.0.8.RELEASE.jar;D:\MavenLocalRepository\org\springframework\spring-context-support\5.0.8.RELEASE\spring-context-support-5.0.8.RELEASE.jar;D:\MavenLocalRepository\io\lettuce\lettuce-core\5.0.4.RELEASE\lettuce-core-5.0.4.RELEASE.jar;D:\MavenLocalRepository\io\projectreactor\reactor-core\3.1.8.RELEASE\reactor-core-3.1.8.RELEASE.jar;D:\MavenLocalRepository\org\reactivestreams\reactive-streams\1.0.2\reactive-streams-1.0.2.jar;D:\MavenLocalRepository\io\netty\netty-common\4.1.27.Final\netty-common-4.1.27.Final.jar;D:\MavenLocalRepository\io\netty\netty-transport\4.1.27.Final\netty-transport-4.1.27.Final.jar;D:\MavenLocalRepository\io\netty\netty-buffer\4.1.27.Final\netty-buffer-4.1.27.Final.jar;D:\MavenLocalRepository\io\netty\netty-resolver\4.1.27.Final\netty-resolver-4.1.27.Final.jar;D:\MavenLocalRepository\io\netty\netty-handler\4.1.27.Final\netty-handler-4.1.27.Final.jar;D:\MavenLocalRepository\io\netty\netty-codec\4.1.27.Final\netty-codec-4.1.27.Final.jar;D:\MavenLocalRepository\org\springframework\session\spring-session-data-redis\2.0.5.RELEASE\spring-session-data-redis-2.0.5.RELEASE.jar;D:\MavenLocalRepository\org\springframework\session\spring-session-core\2.0.5.RELEASE\spring-session-core-2.0.5.RELEASE.jar;D:\MavenLocalRepository\org\springframework\boot\spring-boot-configuration-processor\2.0.4.RELEASE\spring-boot-configuration-processor-2.0.4.RELEASE.jar;"/>
    <property name="java.vm.vendor" value="Oracle Corporation"/>
    <property name="sun.arch.data.model" value="64"/>
    <property name="user.variant" value=""/>
    <property name="java.vendor.url" value="http://java.oracle.com/"/>
    <property name="user.timezone" value=""/>
    <property name="java.vm.specification.version" value="1.8"/>
    <property name="os.name" value="Windows 10"/>
    <property name="user.country" value="CN"/>
    <property name="sun.java.launcher" value="SUN_STANDARD"/>
    <property name="sun.boot.library.path" value="C:\Program Files\Java\jdk1.8.0_152\jre\bin"/>
    <property name="sun.java.command" value="C:\Users\ADMINI~1\AppData\Local\Temp\surefire2463550427657694157\surefirebooter2991131651428664562.jar C:\Users\Administrator\AppData\Local\Temp\surefire2463550427657694157 2018-08-07T17-11-29_757-jvmRun1 surefire634860891197640589tmp surefire_06124102263662170452tmp"/>
    <property name="surefire.test.class.path" value="D:\liujl-workspace-clb\sms\target\test-classes;D:\liujl-workspace-clb\sms\target\classes;D:\MavenLocalRepository\org\springframework\boot\spring-boot-starter\2.0.4.RELEASE\spring-boot-starter-2.0.4.RELEASE.jar;D:\MavenLocalRepository\org\springframework\boot\spring-boot\2.0.4.RELEASE\spring-boot-2.0.4.RELEASE.jar;D:\MavenLocalRepository\org\springframework\spring-context\5.0.8.RELEASE\spring-context-5.0.8.RELEASE.jar;D:\MavenLocalRepository\org\springframework\boot\spring-boot-autoconfigure\2.0.4.RELEASE\spring-boot-autoconfigure-2.0.4.RELEASE.jar;D:\MavenLocalRepository\org\springframework\boot\spring-boot-starter-logging\2.0.4.RELEASE\spring-boot-starter-logging-2.0.4.RELEASE.jar;D:\MavenLocalRepository\ch\qos\logback\logback-classic\1.2.3\logback-classic-1.2.3.jar;D:\MavenLocalRepository\ch\qos\logback\logback-core\1.2.3\logback-core-1.2.3.jar;D:\MavenLocalRepository\org\apache\logging\log4j\log4j-to-slf4j\2.10.0\log4j-to-slf4j-2.10.0.jar;D:\MavenLocalRepository\org\apache\logging\log4j\log4j-api\2.10.0\log4j-api-2.10.0.jar;D:\MavenLocalRepository\org\slf4j\jul-to-slf4j\1.7.25\jul-to-slf4j-1.7.25.jar;D:\MavenLocalRepository\javax\annotation\javax.annotation-api\1.3.2\javax.annotation-api-1.3.2.jar;D:\MavenLocalRepository\org\springframework\spring-core\5.0.8.RELEASE\spring-core-5.0.8.RELEASE.jar;D:\MavenLocalRepository\org\springframework\spring-jcl\5.0.8.RELEASE\spring-jcl-5.0.8.RELEASE.jar;D:\MavenLocalRepository\org\yaml\snakeyaml\1.19\snakeyaml-1.19.jar;D:\MavenLocalRepository\org\springframework\boot\spring-boot-starter-web\2.0.4.RELEASE\spring-boot-starter-web-2.0.4.RELEASE.jar;D:\MavenLocalRepository\org\springframework\boot\spring-boot-starter-json\2.0.4.RELEASE\spring-boot-starter-json-2.0.4.RELEASE.jar;D:\MavenLocalRepository\com\fasterxml\jackson\core\jackson-databind\2.9.6\jackson-databind-2.9.6.jar;D:\MavenLocalRepository\com\fasterxml\jackson\core\jackson-annotations\2.9.0\jackson-annotations-2.9.0.jar;D:\MavenLocalRepository\com\fasterxml\jackson\core\jackson-core\2.9.6\jackson-core-2.9.6.jar;D:\MavenLocalRepository\com\fasterxml\jackson\datatype\jackson-datatype-jdk8\2.9.6\jackson-datatype-jdk8-2.9.6.jar;D:\MavenLocalRepository\com\fasterxml\jackson\datatype\jackson-datatype-jsr310\2.9.6\jackson-datatype-jsr310-2.9.6.jar;D:\MavenLocalRepository\com\fasterxml\jackson\module\jackson-module-parameter-names\2.9.6\jackson-module-parameter-names-2.9.6.jar;D:\MavenLocalRepository\org\springframework\boot\spring-boot-starter-tomcat\2.0.4.RELEASE\spring-boot-starter-tomcat-2.0.4.RELEASE.jar;D:\MavenLocalRepository\org\apache\tomcat\embed\tomcat-embed-core\8.5.32\tomcat-embed-core-8.5.32.jar;D:\MavenLocalRepository\org\apache\tomcat\embed\tomcat-embed-el\8.5.32\tomcat-embed-el-8.5.32.jar;D:\MavenLocalRepository\org\apache\tomcat\embed\tomcat-embed-websocket\8.5.32\tomcat-embed-websocket-8.5.32.jar;D:\MavenLocalRepository\org\hibernate\validator\hibernate-validator\6.0.11.Final\hibernate-validator-6.0.11.Final.jar;D:\MavenLocalRepository\javax\validation\validation-api\2.0.1.Final\validation-api-2.0.1.Final.jar;D:\MavenLocalRepository\org\jboss\logging\jboss-logging\3.3.2.Final\jboss-logging-3.3.2.Final.jar;D:\MavenLocalRepository\com\fasterxml\classmate\1.3.4\classmate-1.3.4.jar;D:\MavenLocalRepository\org\springframework\spring-web\5.0.8.RELEASE\spring-web-5.0.8.RELEASE.jar;D:\MavenLocalRepository\org\springframework\spring-beans\5.0.8.RELEASE\spring-beans-5.0.8.RELEASE.jar;D:\MavenLocalRepository\org\springframework\spring-webmvc\5.0.8.RELEASE\spring-webmvc-5.0.8.RELEASE.jar;D:\MavenLocalRepository\org\springframework\spring-aop\5.0.8.RELEASE\spring-aop-5.0.8.RELEASE.jar;D:\MavenLocalRepository\org\springframework\spring-expression\5.0.8.RELEASE\spring-expression-5.0.8.RELEASE.jar;D:\MavenLocalRepository\org\mybatis\spring\boot\mybatis-spring-boot-starter\1.3.2\mybatis-spring-boot-starter-1.3.2.jar;D:\MavenLocalRepository\org\springframework\boot\spring-boot-starter-jdbc\2.0.4.RELEASE\spring-boot-starter-jdbc-2.0.4.RELEASE.jar;D:\MavenLocalRepository\com\zaxxer\HikariCP\2.7.9\HikariCP-2.7.9.jar;D:\MavenLocalRepository\org\springframework\spring-jdbc\5.0.8.RELEASE\spring-jdbc-5.0.8.RELEASE.jar;D:\MavenLocalRepository\org\mybatis\spring\boot\mybatis-spring-boot-autoconfigure\1.3.2\mybatis-spring-boot-autoconfigure-1.3.2.jar;D:\MavenLocalRepository\org\mybatis\mybatis\3.4.6\mybatis-3.4.6.jar;D:\MavenLocalRepository\org\mybatis\mybatis-spring\1.3.2\mybatis-spring-1.3.2.jar;D:\MavenLocalRepository\mysql\mysql-connector-java\5.1.46\mysql-connector-java-5.1.46.jar;D:\MavenLocalRepository\org\springframework\boot\spring-boot-starter-test\2.0.4.RELEASE\spring-boot-starter-test-2.0.4.RELEASE.jar;D:\MavenLocalRepository\org\springframework\boot\spring-boot-test\2.0.4.RELEASE\spring-boot-test-2.0.4.RELEASE.jar;D:\MavenLocalRepository\org\springframework\boot\spring-boot-test-autoconfigure\2.0.4.RELEASE\spring-boot-test-autoconfigure-2.0.4.RELEASE.jar;D:\MavenLocalRepository\com\jayway\jsonpath\json-path\2.4.0\json-path-2.4.0.jar;D:\MavenLocalRepository\net\minidev\json-smart\2.3\json-smart-2.3.jar;D:\MavenLocalRepository\net\minidev\accessors-smart\1.2\accessors-smart-1.2.jar;D:\MavenLocalRepository\org\ow2\asm\asm\5.0.4\asm-5.0.4.jar;D:\MavenLocalRepository\org\slf4j\slf4j-api\1.7.25\slf4j-api-1.7.25.jar;D:\MavenLocalRepository\junit\junit\4.12\junit-4.12.jar;D:\MavenLocalRepository\org\assertj\assertj-core\3.9.1\assertj-core-3.9.1.jar;D:\MavenLocalRepository\org\mockito\mockito-core\2.15.0\mockito-core-2.15.0.jar;D:\MavenLocalRepository\net\bytebuddy\byte-buddy\1.7.11\byte-buddy-1.7.11.jar;D:\MavenLocalRepository\net\bytebuddy\byte-buddy-agent\1.7.11\byte-buddy-agent-1.7.11.jar;D:\MavenLocalRepository\org\objenesis\objenesis\2.6\objenesis-2.6.jar;D:\MavenLocalRepository\org\hamcrest\hamcrest-core\1.3\hamcrest-core-1.3.jar;D:\MavenLocalRepository\org\hamcrest\hamcrest-library\1.3\hamcrest-library-1.3.jar;D:\MavenLocalRepository\org\skyscreamer\jsonassert\1.5.0\jsonassert-1.5.0.jar;D:\MavenLocalRepository\com\vaadin\external\google\android-json\0.0.20131108.vaadin1\android-json-0.0.20131108.vaadin1.jar;D:\MavenLocalRepository\org\springframework\spring-test\5.0.8.RELEASE\spring-test-5.0.8.RELEASE.jar;D:\MavenLocalRepository\org\xmlunit\xmlunit-core\2.5.1\xmlunit-core-2.5.1.jar;D:\MavenLocalRepository\commons-codec\commons-codec\1.11\commons-codec-1.11.jar;D:\MavenLocalRepository\org\apache\commons\commons-lang3\3.7\commons-lang3-3.7.jar;D:\MavenLocalRepository\com\alibaba\druid\1.0.18\druid-1.0.18.jar;C:\Program Files\Java\jdk1.8.0_152\jre\..\lib\jconsole.jar;C:\Program Files\Java\jdk1.8.0_152\jre\..\lib\tools.jar;D:\MavenLocalRepository\commons-httpclient\commons-httpclient\3.1\commons-httpclient-3.1.jar;D:\MavenLocalRepository\commons-logging\commons-logging\1.0.4\commons-logging-1.0.4.jar;D:\MavenLocalRepository\com\yjkj\util\1.0.0\util-1.0.0.jar;D:\MavenLocalRepository\com\google\code\gson\gson\2.8.5\gson-2.8.5.jar;D:\MavenLocalRepository\com\aliyun\aliyun-java-sdk-push\3.9.0\aliyun-java-sdk-push-3.9.0.jar;D:\MavenLocalRepository\com\aliyun\aliyun-java-sdk-core\3.2.5\aliyun-java-sdk-core-3.2.5.jar;D:\MavenLocalRepository\com\thoughtworks\xstream\xstream\1.4.9\xstream-1.4.9.jar;D:\MavenLocalRepository\xmlpull\xmlpull\1.1.3.1\xmlpull-1.1.3.1.jar;D:\MavenLocalRepository\xpp3\xpp3_min\1.1.4c\xpp3_min-1.1.4c.jar;D:\MavenLocalRepository\com\aliyun\oss\aliyun-sdk-oss\2.8.2\aliyun-sdk-oss-2.8.2.jar;D:\MavenLocalRepository\org\jdom\jdom\1.1\jdom-1.1.jar;D:\MavenLocalRepository\net\sf\json-lib\json-lib\2.4\json-lib-2.4-jdk15.jar;D:\MavenLocalRepository\commons-beanutils\commons-beanutils\1.8.0\commons-beanutils-1.8.0.jar;D:\MavenLocalRepository\commons-collections\commons-collections\3.2.1\commons-collections-3.2.1.jar;D:\MavenLocalRepository\commons-lang\commons-lang\2.5\commons-lang-2.5.jar;D:\MavenLocalRepository\net\sf\ezmorph\ezmorph\1.0.6\ezmorph-1.0.6.jar;D:\MavenLocalRepository\org\apache\httpcomponents\httpclient\4.5.6\httpclient-4.5.6.jar;D:\MavenLocalRepository\org\apache\httpcomponents\httpcore\4.4.10\httpcore-4.4.10.jar;D:\MavenLocalRepository\org\apache\httpcomponents\httpmime\4.5.6\httpmime-4.5.6.jar;D:\MavenLocalRepository\org\apache\shiro\shiro-core\1.4.0\shiro-core-1.4.0.jar;D:\MavenLocalRepository\org\apache\shiro\shiro-lang\1.4.0\shiro-lang-1.4.0.jar;D:\MavenLocalRepository\org\apache\shiro\shiro-cache\1.4.0\shiro-cache-1.4.0.jar;D:\MavenLocalRepository\org\apache\shiro\shiro-crypto-hash\1.4.0\shiro-crypto-hash-1.4.0.jar;D:\MavenLocalRepository\org\apache\shiro\shiro-crypto-core\1.4.0\shiro-crypto-core-1.4.0.jar;D:\MavenLocalRepository\org\apache\shiro\shiro-crypto-cipher\1.4.0\shiro-crypto-cipher-1.4.0.jar;D:\MavenLocalRepository\org\apache\shiro\shiro-config-core\1.4.0\shiro-config-core-1.4.0.jar;D:\MavenLocalRepository\org\apache\shiro\shiro-config-ogdl\1.4.0\shiro-config-ogdl-1.4.0.jar;D:\MavenLocalRepository\org\apache\shiro\shiro-event\1.4.0\shiro-event-1.4.0.jar;D:\MavenLocalRepository\org\springframework\boot\spring-boot-starter-data-redis\2.0.4.RELEASE\spring-boot-starter-data-redis-2.0.4.RELEASE.jar;D:\MavenLocalRepository\org\springframework\data\spring-data-redis\2.0.9.RELEASE\spring-data-redis-2.0.9.RELEASE.jar;D:\MavenLocalRepository\org\springframework\data\spring-data-keyvalue\2.0.9.RELEASE\spring-data-keyvalue-2.0.9.RELEASE.jar;D:\MavenLocalRepository\org\springframework\data\spring-data-commons\2.0.9.RELEASE\spring-data-commons-2.0.9.RELEASE.jar;D:\MavenLocalRepository\org\springframework\spring-tx\5.0.8.RELEASE\spring-tx-5.0.8.RELEASE.jar;D:\MavenLocalRepository\org\springframework\spring-oxm\5.0.8.RELEASE\spring-oxm-5.0.8.RELEASE.jar;D:\MavenLocalRepository\org\springframework\spring-context-support\5.0.8.RELEASE\spring-context-support-5.0.8.RELEASE.jar;D:\MavenLocalRepository\io\lettuce\lettuce-core\5.0.4.RELEASE\lettuce-core-5.0.4.RELEASE.jar;D:\MavenLocalRepository\io\projectreactor\reactor-core\3.1.8.RELEASE\reactor-core-3.1.8.RELEASE.jar;D:\MavenLocalRepository\org\reactivestreams\reactive-streams\1.0.2\reactive-streams-1.0.2.jar;D:\MavenLocalRepository\io\netty\netty-common\4.1.27.Final\netty-common-4.1.27.Final.jar;D:\MavenLocalRepository\io\netty\netty-transport\4.1.27.Final\netty-transport-4.1.27.Final.jar;D:\MavenLocalRepository\io\netty\netty-buffer\4.1.27.Final\netty-buffer-4.1.27.Final.jar;D:\MavenLocalRepository\io\netty\netty-resolver\4.1.27.Final\netty-resolver-4.1.27.Final.jar;D:\MavenLocalRepository\io\netty\netty-handler\4.1.27.Final\netty-handler-4.1.27.Final.jar;D:\MavenLocalRepository\io\netty\netty-codec\4.1.27.Final\netty-codec-4.1.27.Final.jar;D:\MavenLocalRepository\org\springframework\session\spring-session-data-redis\2.0.5.RELEASE\spring-session-data-redis-2.0.5.RELEASE.jar;D:\MavenLocalRepository\org\springframework\session\spring-session-core\2.0.5.RELEASE\spring-session-core-2.0.5.RELEASE.jar;D:\MavenLocalRepository\org\springframework\boot\spring-boot-configuration-processor\2.0.4.RELEASE\spring-boot-configuration-processor-2.0.4.RELEASE.jar;"/>
    <property name="sun.cpu.endian" value="little"/>
    <property name="user.home" value="C:\Users\Administrator"/>
    <property name="user.language" value="zh"/>
    <property name="java.specification.vendor" value="Oracle Corporation"/>
    <property name="java.home" value="C:\Program Files\Java\jdk1.8.0_152\jre"/>
    <property name="basedir" value="D:\liujl-workspace-clb\sms"/>
    <property name="file.separator" value="\"/>
    <property name="line.separator" value="&#10;"/>
    <property name="java.vm.specification.vendor" value="Oracle Corporation"/>
    <property name="java.specification.name" value="Java Platform API Specification"/>
    <property name="java.awt.graphicsenv" value="sun.awt.Win32GraphicsEnvironment"/>
    <property name="surefire.real.class.path" value="C:\Users\ADMINI~1\AppData\Local\Temp\surefire2463550427657694157\surefirebooter2991131651428664562.jar"/>
    <property name="sun.boot.class.path" value="C:\Program Files\Java\jdk1.8.0_152\jre\lib\resources.jar;C:\Program Files\Java\jdk1.8.0_152\jre\lib\rt.jar;C:\Program Files\Java\jdk1.8.0_152\jre\lib\sunrsasign.jar;C:\Program Files\Java\jdk1.8.0_152\jre\lib\jsse.jar;C:\Program Files\Java\jdk1.8.0_152\jre\lib\jce.jar;C:\Program Files\Java\jdk1.8.0_152\jre\lib\charsets.jar;C:\Program Files\Java\jdk1.8.0_152\jre\lib\jfr.jar;C:\Program Files\Java\jdk1.8.0_152\jre\classes"/>
    <property name="user.script" value=""/>
    <property name="sun.management.compiler" value="HotSpot 64-Bit Tiered Compilers"/>
    <property name="java.runtime.version" value="1.8.0_152-b16"/>
    <property name="user.name" value="Administrator"/>
    <property name="path.separator" value=";"/>
    <property name="os.version" value="10.0"/>
    <property name="java.endorsed.dirs" value="C:\Program Files\Java\jdk1.8.0_152\jre\lib\endorsed"/>
    <property name="java.runtime.name" value="Java(TM) SE Runtime Environment"/>
    <property name="file.encoding" value="GBK"/>
    <property name="java.vm.name" value="Java HotSpot(TM) 64-Bit Server VM"/>
    <property name="localRepository" value="D:\MavenLocalRepository"/>
    <property name="java.vendor.url.bug" value="http://bugreport.sun.com/bugreport/"/>
    <property name="java.io.tmpdir" value="C:\Users\ADMINI~1\AppData\Local\Temp\"/>
    <property name="java.version" value="1.8.0_152"/>
    <property name="user.dir" value="D:\liujl-workspace-clb\sms"/>
    <property name="os.arch" value="amd64"/>
    <property name="java.vm.specification.name" value="Java Virtual Machine Specification"/>
    <property name="java.awt.printerjob" value="sun.awt.windows.WPrinterJob"/>
    <property name="sun.os.patch.level" value=""/>
    <property name="java.library.path" value="C:\Program Files\Java\jdk1.8.0_152\jre\bin;C:\windows\Sun\Java\bin;C:\windows\system32;C:\windows;C:/Program Files/Java/jre1.8.0_152/bin/server;C:/Program Files/Java/jre1.8.0_152/bin;C:/Program Files/Java/jre1.8.0_152/lib/amd64;C:\Program Files (x86)\Common Files\Oracle\Java\javapath;C:\ProgramData\Oracle\Java\javapath;C:\windows\system32;C:\windows;C:\windows\System32\Wbem;C:\windows\System32\WindowsPowerShell\v1.0\;C:\Program Files\Java\jdk1.8.0_152\bin;C:\Program Files\Java\jdk1.8.0_152\jre\bin;D:\apache-maven-3.5.2-bin\apache-maven-3.5.2\bin;C:\Program Files\MySQL\MySQL Workbench 6.3 CE\bin;D:\新建文件夹\mysql-5.7.21-winx64\bin;C:\Program Files\TortoiseSVN\bin;C:\Users\Administrator\AppData\Local\Microsoft\WindowsApps;;C:\windows\system32;;."/>
    <property name="java.vm.info" value="mixed mode"/>
    <property name="java.vendor" value="Oracle Corporation"/>
    <property name="java.vm.version" value="25.152-b16"/>
    <property name="java.ext.dirs" value="C:\Program Files\Java\jdk1.8.0_152\jre\lib\ext;C:\windows\Sun\Java\lib\ext"/>
    <property name="sun.io.unicode.encoding" value="UnicodeLittle"/>
    <property name="java.class.version" value="52.0"/>
  </properties>
  <testcase name="contextLoads" classname="com.example.demo.SmsApplicationTests" time="0.069"/>
</testsuite>